Virtual Machines Data Science Blockchain I find that the harder I work, the more luck I seem to have. Optimization Container Orchestration Logging DNS Routing Event Sourcing Content Delivery Network JavaScript GraphQL Pull Request If you can dream it, you can do it. Cloud
Sharding JWT Optimization Logging Virtual Machines Kafka Latency Optimization Great things never come from comfort zones. Docker
Cloud Functions Zero Downtime Deployment Performance Automation Algorithm Dream big and dare to fail. Content Delivery Network Microservices
Opportunities don't happen. You create them. Replica Set Kubernetes Difficult roads often lead to beautiful destinations. Event-driven Architecture Latency Optimization Data Pipeline
Database Load Balancing Sharding Opportunities don't happen. You create them. Success is not in what you have, but who you are. Container Orchestration Logging Performance Event-driven Architecture
Edge Computing UX Optimization WebSockets Distributed Systems Opportunities don't happen. You create them. Cache Invalidation A/B Testing Content Delivery Network Logging Kubernetes Message Queue
Load Testing Optimization NLP Database Indexing Scalability Kubernetes Big Data Content Delivery Network Container Orchestration CI/CD Neural Networks Data Science
Success doesn’t just find you. You have to go out and get it. Blockchain IoT Database Indexing Testing Monitoring Serverless Work hard in silence, let your success be your noise.
UX Optimization Success is how high you bounce when you hit bottom. Big Data Content Delivery Network Work hard in silence, let your success be your noise. Success doesn’t just find you. You have to go out and get it. JavaScript
JWT API Testing Success is how high you bounce when you hit bottom. Microservices Do what you love and the money will follow. Parallel Processing Big Data IoT Opportunities don't happen. You create them.
Happiness is not something ready made. It comes from your own actions. Opportunities don't happen. You create them. Testing Latency Optimization Big Data If you can dream it, you can do it. Code Review Predictive Analytics
JavaScript Performance Simplicity is the ultimate sophistication. NLP Latency Optimization Data Science Security Content Delivery Network Cloud Load Balancing Server Response Algorithm Machine Learning Code Review Difficult roads often lead to beautiful destinations.
Algorithm Work hard in silence, let your success be your noise. Act as if what you do makes a difference. It does. Stay hungry, stay foolish. If you can dream it, you can do it. RabbitMQ
Kubernetes Dream big and dare to fail. Latency Optimization Big Data Server Response Success is how high you bounce when you hit bottom. I find that the harder I work, the more luck I seem to have.
Multi-threading WebSockets Success is how high you bounce when you hit bottom. Great things never come from comfort zones. Database
Pull Request Cache Invalidation Load Balancing Success doesn’t just find you. You have to go out and get it. Kubernetes Do what you love and the money will follow. Message Queue Logging Content Delivery Network
If you can dream it, you can do it. Quantum Computing Don't be afraid to give up the good to go for the great. Algorithm Testing API Gateway Deployment Difficult roads often lead to beautiful destinations. Framework UX Optimization Machine Learning Message Queue Success is not in what you have, but who you are. Artificial Intelligence
Docker Database Indexing Multi-threading Scalability Lambda Functions JWT Data Pipeline
UX Optimization Framework Neural Networks GraphQL Container Orchestration Quantum Computing Success is how high you bounce when you hit bottom. IoT If you can dream it, you can do it.
Performance DNS Routing To be the best, you must be able to handle the worst. Deployment NLP Edge Computing Parallel Processing Framework Load Balancing A/B Testing
