Data Science Dream big and dare to fail. Logging Monitoring Data Pipeline
Code Review Containerization Success is not in what you have, but who you are. IoT Version Control DevOps Deployment Cloud Functions React Serverless Artificial Intelligence RabbitMQ Server Response Quantum Computing
WebSockets Blockchain Container Orchestration Edge Computing UX Optimization API Gateway Firewalls Agile Dream big and dare to fail. Frontend Don't be afraid to give up the good to go for the great.
Framework Great things never come from comfort zones. Success is how high you bounce when you hit bottom. Do what you love and the money will follow. Parallel Processing Cloud Functions Load Testing Pull Request Latency Optimization Database Indexing If you can dream it, you can do it.
Data Pipeline Monitoring Artificial Intelligence Parallel Processing Containerization Event-driven Architecture A/B Testing Data Science Latency Optimization Automation
Firewalls Quantum Computing Deployment Great things never come from comfort zones. Opportunities don't happen. You create them. Parallel Processing Performance Event-driven Architecture
To be the best, you must be able to handle the worst. Quantum Computing API Gateway Load Balancing Content Delivery Network API Data Science Latency Optimization Optimization
Algorithm Database Indexing Load Testing NLP Latency Optimization Database
Performance Content Delivery Network Cloud Functions Monitoring API Gateway GraphQL Kafka Frontend Kubernetes Success doesn’t just find you. You have to go out and get it. Happiness is not something ready made. It comes from your own actions.
Code Review Distributed Systems If you can dream it, you can do it. Neural Networks Quantum Computing Monitoring Machine Learning Optimization Performance Container Orchestration I find that the harder I work, the more luck I seem to have. Database Simplicity is the ultimate sophistication. Sharding
Kafka Cache Invalidation Innovation distinguishes between a leader and a follower. Happiness is not something ready made. It comes from your own actions. Load Testing UX Optimization DNS Routing
Latency Optimization Performance JWT Pull Request Success is how high you bounce when you hit bottom. Simplicity is the ultimate sophistication. Framework GraphQL Logging Replica Set Quantum Computing Distributed Systems
Cloud Functions Stay hungry, stay foolish. Docker Opportunities don't happen. You create them. Do what you love and the money will follow. Cloud Success usually comes to those who are too busy to be looking for it. RabbitMQ DevOps Automation I find that the harder I work, the more luck I seem to have.
Message Queue Container Orchestration Happiness is not something ready made. It comes from your own actions. Parallel Processing Difficult roads often lead to beautiful destinations. The only way to do great work is to love what you do. API Python Blockchain Backend Event Sourcing To be the best, you must be able to handle the worst.
Success usually comes to those who are too busy to be looking for it. Message Queue Work hard in silence, let your success be your noise. Database Indexing Distributed Systems Machine Learning Neural Networks Great things never come from comfort zones. API Gateway Content Delivery Network Testing Data Pipeline Python Lambda Functions
Python Lambda Functions GraphQL Container Orchestration Pull Request Success usually comes to those who are too busy to be looking for it. Latency Optimization Kafka
To be the best, you must be able to handle the worst. Backend Neural Networks Artificial Intelligence The only way to do great work is to love what you do. A/B Testing Data Science Containerization Work hard in silence, let your success be your noise. API Gateway Cloud Functions Success is not in what you have, but who you are. Data Pipeline
NLP If you can dream it, you can do it. Success usually comes to those who are too busy to be looking for it. Dream big and dare to fail. React Latency Optimization
Success doesn’t just find you. You have to go out and get it. Backend Performance UX Optimization Testing Great things never come from comfort zones. Multi-threading Big Data Blockchain
Data Pipeline Zero Downtime Deployment Docker Do what you love and the money will follow. Don't be afraid to give up the good to go for the great. Frontend Work hard in silence, let your success be your noise. Content Delivery Network
